build/intermediates/manifest_merge_blame_file/debug/processDebugMainManifest/manifest-merger-blame-debug-report.txt
1<?xml version="1.0" encoding="utf-8"?>
2<!-- Hardware acceleration enabled for better rendering performance -->
3<manifest xmlns:android="http://schemas.android.com/apk/res/android"
4    package="tribixbite.keyboard2.debug"
5    android:hardwareAccelerated="true" >
6
7    <uses-sdk
8        android:minSdkVersion="21"
9        android:targetSdkVersion="35" />
10
11    <uses-permission android:name="android.permission.VIBRATE" />
11-->swype/cleverkeys/AndroidManifest.xml:4:3-63
11-->swype/cleverkeys/AndroidManifest.xml:4:20-61
12    <uses-permission android:name="android.permission.RECEIVE_BOOT_COMPLETED" />
12-->swype/cleverkeys/AndroidManifest.xml:5:3-78
12-->swype/cleverkeys/AndroidManifest.xml:5:20-76
13    <uses-permission android:name="android.permission.RECORD_AUDIO" />
13-->swype/cleverkeys/AndroidManifest.xml:6:3-68
13-->swype/cleverkeys/AndroidManifest.xml:6:20-66
14    <uses-permission android:name="android.permission.INTERNET" />
14-->swype/cleverkeys/AndroidManifest.xml:7:3-64
14-->swype/cleverkeys/AndroidManifest.xml:7:20-62
15
16    <!-- Storage permissions - deprecated on Android 11+ (API 30+), use scoped storage instead -->
17    <!-- These are only needed for Android 10 and below -->
18    <uses-permission
18-->swype/cleverkeys/AndroidManifest.xml:11:3-105
19        android:name="android.permission.WRITE_EXTERNAL_STORAGE"
19-->swype/cleverkeys/AndroidManifest.xml:11:20-76
20        android:maxSdkVersion="29" />
20-->swype/cleverkeys/AndroidManifest.xml:11:77-103
21    <uses-permission
21-->swype/cleverkeys/AndroidManifest.xml:12:3-104
22        android:name="android.permission.READ_EXTERNAL_STORAGE"
22-->swype/cleverkeys/AndroidManifest.xml:12:20-75
23        android:maxSdkVersion="29" />
23-->swype/cleverkeys/AndroidManifest.xml:12:76-102
24
25    <!-- To query enabled input methods for voice IME detection -->
26    <queries>
26-->swype/cleverkeys/AndroidManifest.xml:42:3-46:13
27        <intent>
27-->swype/cleverkeys/AndroidManifest.xml:43:5-45:14
28            <action android:name="android.view.InputMethod" />
28-->swype/cleverkeys/AndroidManifest.xml:20:9-58
28-->swype/cleverkeys/AndroidManifest.xml:20:17-56
29        </intent>
30    </queries>
31
32    <permission
32-->[androidx.core:core:1.16.0] AndroidManifest.xml:22:5-24:47
33        android:name="tribixbite.keyboard2.debug.DYNAMIC_RECEIVER_NOT_EXPORTED_PERMISSION"
33-->[androidx.core:core:1.16.0] AndroidManifest.xml:23:9-81
34        android:protectionLevel="signature" />
34-->[androidx.core:core:1.16.0] AndroidManifest.xml:24:9-44
35
36    <uses-permission android:name="tribixbite.keyboard2.debug.DYNAMIC_RECEIVER_NOT_EXPORTED_PERMISSION" /> <!-- For Android 11+ (API 30+), use scoped storage via MediaStore or SAF (Storage Access Framework) -->
36-->[androidx.core:core:1.16.0] AndroidManifest.xml:26:5-97
36-->[androidx.core:core:1.16.0] AndroidManifest.xml:26:22-94
37    <!-- No explicit permission needed for app-specific directories (getExternalFilesDir()) -->
38    <application
38-->swype/cleverkeys/AndroidManifest.xml:17:3-39:17
39        android:allowBackup="true"
39-->swype/cleverkeys/AndroidManifest.xml:17:49-75
40        android:appComponentFactory="androidx.core.app.CoreComponentFactory"
40-->[androidx.core:core:1.16.0] AndroidManifest.xml:28:18-86
41        android:debuggable="true"
42        android:extractNativeLibs="true"
43        android:hardwareAccelerated="true"
43-->swype/cleverkeys/AndroidManifest.xml:17:111-145
44        android:icon="@mipmap/ic_launcher"
44-->swype/cleverkeys/AndroidManifest.xml:17:76-110
45        android:label="@string/app_name" >
45-->swype/cleverkeys/AndroidManifest.xml:17:16-48
46        <service
46-->swype/cleverkeys/AndroidManifest.xml:18:5-23:15
47            android:name="tribixbite.keyboard2.CleverKeysService"
47-->swype/cleverkeys/AndroidManifest.xml:18:14-67
48            android:directBootAware="true"
48-->swype/cleverkeys/AndroidManifest.xml:18:193-223
49            android:exported="true"
49-->swype/cleverkeys/AndroidManifest.xml:18:169-192
50            android:label="CleverKeys Neural Keyboard"
50-->swype/cleverkeys/AndroidManifest.xml:18:68-110
51            android:permission="android.permission.BIND_INPUT_METHOD" >
51-->swype/cleverkeys/AndroidManifest.xml:18:111-168
52            <intent-filter>
52-->swype/cleverkeys/AndroidManifest.xml:19:7-21:23
53                <action android:name="android.view.InputMethod" />
53-->swype/cleverkeys/AndroidManifest.xml:20:9-58
53-->swype/cleverkeys/AndroidManifest.xml:20:17-56
54            </intent-filter>
55
56            <meta-data
56-->swype/cleverkeys/AndroidManifest.xml:22:7-81
57                android:name="android.view.im"
57-->swype/cleverkeys/AndroidManifest.xml:22:18-48
58                android:resource="@xml/method" />
58-->swype/cleverkeys/AndroidManifest.xml:22:49-79
59        </service>
60
61        <activity
61-->swype/cleverkeys/AndroidManifest.xml:25:5-29:16
62            android:name="tribixbite.keyboard2.SettingsActivity"
62-->swype/cleverkeys/AndroidManifest.xml:25:15-67
63            android:directBootAware="true"
63-->swype/cleverkeys/AndroidManifest.xml:25:197-227
64            android:exported="true"
64-->swype/cleverkeys/AndroidManifest.xml:25:173-196
65            android:icon="@mipmap/ic_launcher"
65-->swype/cleverkeys/AndroidManifest.xml:25:68-102
66            android:label="@string/app_name"
66-->swype/cleverkeys/AndroidManifest.xml:25:103-135
67            android:theme="@style/settingsTheme" >
67-->swype/cleverkeys/AndroidManifest.xml:25:136-172
68            <intent-filter>
68-->swype/cleverkeys/AndroidManifest.xml:26:7-28:23
69                <action android:name="android.intent.action.MAIN" />
69-->swype/cleverkeys/AndroidManifest.xml:27:9-60
69-->swype/cleverkeys/AndroidManifest.xml:27:17-58
70            </intent-filter>
71        </activity>
72        <activity
72-->swype/cleverkeys/AndroidManifest.xml:31:5-36:16
73            android:name="tribixbite.keyboard2.LauncherActivity"
73-->swype/cleverkeys/AndroidManifest.xml:31:15-67
74            android:directBootAware="true"
74-->swype/cleverkeys/AndroidManifest.xml:31:159-189
75            android:exported="true"
75-->swype/cleverkeys/AndroidManifest.xml:31:135-158
76            android:icon="@mipmap/ic_launcher"
76-->swype/cleverkeys/AndroidManifest.xml:31:68-102
77            android:theme="@style/appTheme" >
77-->swype/cleverkeys/AndroidManifest.xml:31:103-134
78            <intent-filter>
78-->swype/cleverkeys/AndroidManifest.xml:32:7-35:23
79                <action android:name="android.intent.action.MAIN" />
79-->swype/cleverkeys/AndroidManifest.xml:27:9-60
79-->swype/cleverkeys/AndroidManifest.xml:27:17-58
80
81                <category android:name="android.intent.category.LAUNCHER" />
81-->swype/cleverkeys/AndroidManifest.xml:34:9-68
81-->swype/cleverkeys/AndroidManifest.xml:34:19-66
82            </intent-filter>
83        </activity>
84        <activity
84-->swype/cleverkeys/AndroidManifest.xml:38:5-223
85            android:name="tribixbite.keyboard2.SwipeCalibrationActivity"
85-->swype/cleverkeys/AndroidManifest.xml:38:15-75
86            android:directBootAware="true"
86-->swype/cleverkeys/AndroidManifest.xml:38:191-221
87            android:exported="false"
87-->swype/cleverkeys/AndroidManifest.xml:38:166-190
88            android:label="@string/pref_swipe_calibration_title"
88-->swype/cleverkeys/AndroidManifest.xml:38:76-128
89            android:theme="@style/settingsTheme" />
89-->swype/cleverkeys/AndroidManifest.xml:38:129-165
90
91        <uses-library
91-->[androidx.window:window:1.3.0] AndroidManifest.xml:23:9-25:40
92            android:name="androidx.window.extensions"
92-->[androidx.window:window:1.3.0] AndroidManifest.xml:24:13-54
93            android:required="false" />
93-->[androidx.window:window:1.3.0] AndroidManifest.xml:25:13-37
94        <uses-library
94-->[androidx.window:window:1.3.0] AndroidManifest.xml:26:9-28:40
95            android:name="androidx.window.sidecar"
95-->[androidx.window:window:1.3.0] AndroidManifest.xml:27:13-51
96            android:required="false" />
96-->[androidx.window:window:1.3.0] AndroidManifest.xml:28:13-37
97
98        <provider
98-->[androidx.emoji2:emoji2:1.4.0] AndroidManifest.xml:24:9-32:20
99            android:name="androidx.startup.InitializationProvider"
99-->[androidx.emoji2:emoji2:1.4.0] AndroidManifest.xml:25:13-67
100            android:authorities="tribixbite.keyboard2.debug.androidx-startup"
100-->[androidx.emoji2:emoji2:1.4.0] AndroidManifest.xml:26:13-68
101            android:exported="false" >
101-->[androidx.emoji2:emoji2:1.4.0] AndroidManifest.xml:27:13-37
102            <meta-data
102-->[androidx.emoji2:emoji2:1.4.0] AndroidManifest.xml:29:13-31:52
103                android:name="androidx.emoji2.text.EmojiCompatInitializer"
103-->[androidx.emoji2:emoji2:1.4.0] AndroidManifest.xml:30:17-75
104                android:value="androidx.startup" />
104-->[androidx.emoji2:emoji2:1.4.0] AndroidManifest.xml:31:17-49
105            <meta-data
105-->[androidx.lifecycle:lifecycle-process:2.6.2] AndroidManifest.xml:29:13-31:52
106                android:name="androidx.lifecycle.ProcessLifecycleInitializer"
106-->[androidx.lifecycle:lifecycle-process:2.6.2] AndroidManifest.xml:30:17-78
107                android:value="androidx.startup" />
107-->[androidx.lifecycle:lifecycle-process:2.6.2] AndroidManifest.xml:31:17-49
108            <meta-data
108-->[androidx.profileinstaller:profileinstaller:1.3.0] AndroidManifest.xml:29:13-31:52
109                android:name="androidx.profileinstaller.ProfileInstallerInitializer"
109-->[androidx.profileinstaller:profileinstaller:1.3.0] AndroidManifest.xml:30:17-85
110                android:value="androidx.startup" />
110-->[androidx.profileinstaller:profileinstaller:1.3.0] AndroidManifest.xml:31:17-49
111        </provider>
112
113        <receiver
113-->[androidx.profileinstaller:profileinstaller:1.3.0] AndroidManifest.xml:34:9-52:20
114            android:name="androidx.profileinstaller.ProfileInstallReceiver"
114-->[androidx.profileinstaller:profileinstaller:1.3.0] AndroidManifest.xml:35:13-76
115            android:directBootAware="false"
115-->[androidx.profileinstaller:profileinstaller:1.3.0] AndroidManifest.xml:36:13-44
116            android:enabled="true"
116-->[androidx.profileinstaller:profileinstaller:1.3.0] AndroidManifest.xml:37:13-35
117            android:exported="true"
117-->[androidx.profileinstaller:profileinstaller:1.3.0] AndroidManifest.xml:38:13-36
118            android:permission="android.permission.DUMP" >
118-->[androidx.profileinstaller:profileinstaller:1.3.0] AndroidManifest.xml:39:13-57
119            <intent-filter>
119-->[androidx.profileinstaller:profileinstaller:1.3.0] AndroidManifest.xml:40:13-42:29
120                <action android:name="androidx.profileinstaller.action.INSTALL_PROFILE" />
120-->[androidx.profileinstaller:profileinstaller:1.3.0] AndroidManifest.xml:41:17-91
120-->[androidx.profileinstaller:profileinstaller:1.3.0] AndroidManifest.xml:41:25-88
121            </intent-filter>
122            <intent-filter>
122-->[androidx.profileinstaller:profileinstaller:1.3.0] AndroidManifest.xml:43:13-45:29
123                <action android:name="androidx.profileinstaller.action.SKIP_FILE" />
123-->[androidx.profileinstaller:profileinstaller:1.3.0] AndroidManifest.xml:44:17-85
123-->[androidx.profileinstaller:profileinstaller:1.3.0] AndroidManifest.xml:44:25-82
124            </intent-filter>
125            <intent-filter>
125-->[androidx.profileinstaller:profileinstaller:1.3.0] AndroidManifest.xml:46:13-48:29
126                <action android:name="androidx.profileinstaller.action.SAVE_PROFILE" />
126-->[androidx.profileinstaller:profileinstaller:1.3.0] AndroidManifest.xml:47:17-88
126-->[androidx.profileinstaller:profileinstaller:1.3.0] AndroidManifest.xml:47:25-85
127            </intent-filter>
128            <intent-filter>
128-->[androidx.profileinstaller:profileinstaller:1.3.0] AndroidManifest.xml:49:13-51:29
129                <action android:name="androidx.profileinstaller.action.BENCHMARK_OPERATION" />
129-->[androidx.profileinstaller:profileinstaller:1.3.0] AndroidManifest.xml:50:17-95
129-->[androidx.profileinstaller:profileinstaller:1.3.0] AndroidManifest.xml:50:25-92
130            </intent-filter>
131        </receiver>
132    </application>
133
134</manifest>